<?xml version="1.0" encoding="UTF-8"?>
<!-- Generated by org.testng.reporters.JUnitXMLReporter -->
<testsuite hostname="BLU-LP-00004" ignored="3" name="order" tests="11" failures="0" timestamp="2019-12-11T11:28:04 SGT" time="519.465" errors="0">
  <testcase name="tc01_validMobileValidPassword" time="17.317" classname="bluAndroid.bluAndroid.TestScripts.BluLoginTestRunner"/>
  <testcase name="tc02_invalidEmailValidPassword" time="15.549" classname="bluAndroid.bluAndroid.TestScripts.BluLoginTestRunner"/>
  <testcase name="tc03_invalidMobileNumberValidPassword" time="15.889" classname="bluAndroid.bluAndroid.TestScripts.BluLoginTestRunner"/>
  <testcase name="tc04_withoutCredentials" time="3.422" classname="bluAndroid.bluAndroid.TestScripts.BluLoginTestRunner"/>
  <testcase name="tc06_notRegisteredMobileNumber" time="15.669" classname="bluAndroid.bluAndroid.TestScripts.BluLoginTestRunner"/>
  <testcase name="tc07_notRegisteredEmail" time="16.04" classname="bluAndroid.bluAndroid.TestScripts.BluLoginTestRunner"/>
  <testcase name="tc08_validEmailPassword" time="17.069" classname="bluAndroid.bluAndroid.TestScripts.BluLoginTestRunner"/>
  <testcase name="tc09_validEmailInvalidPassword" time="15.927" classname="bluAndroid.bluAndroid.TestScripts.BluLoginTestRunner"/>
  <testcase name="tc10_validMobileNumberInvalidPassword" time="15.601" classname="bluAndroid.bluAndroid.TestScripts.BluLoginTestRunner"/>
  <testcase name="tc11_invalidMobileNumberInvalidPassword" time="15.797" classname="bluAndroid.bluAndroid.TestScripts.BluLoginTestRunner"/>
  <testcase name="tc01_signup" time="39.789" classname="bluAndroid.bluAndroid.TestScripts.BluSignUpTestRunner"/>
  <testcase name="@BeforeSuite SetUp" time="0.0" classname="bluAndroid.bluAndroid.util.BaseClass">
    <ignored/>
  </testcase> <!-- @BeforeSuite SetUp -->
  <testcase name="splashScreen" time="0.0" classname="bluAndroid.bluAndroid.TestScripts.BluLoginTestRunner">
    <ignored/>
  </testcase> <!-- splashScreen -->
  <testcase name="@AfterSuite tearDown" time="0.0" classname="bluAndroid.bluAndroid.util.BaseClass">
    <ignored/>
  </testcase> <!-- @AfterSuite tearDown -->
</testsuite> <!-- order -->
